[debug] [2022-01-22T05:20:32.901Z] ----------------------------------------------------------------------
[debug] [2022-01-22T05:20:32.903Z] Command:       /Users/leonardo/.nvm/versions/node/v16.13.2/bin/node /usr/local/bin/firebase init
[debug] [2022-01-22T05:20:32.903Z] CLI Version:   9.16.3
[debug] [2022-01-22T05:20:32.903Z] Platform:      darwin
[debug] [2022-01-22T05:20:32.903Z] Node Version:  v16.13.2
[debug] [2022-01-22T05:20:32.911Z] Time:          Fri Jan 21 2022 23:20:32 GMT-0600 (Central Standard Time)
[debug] [2022-01-22T05:20:32.911Z] ----------------------------------------------------------------------
[debug] 
[debug] [2022-01-22T05:20:32.913Z] >>> [apiv2][query] GET https://firebase-public.firebaseio.com/cli.json [none]
[debug] [2022-01-22T05:20:32.931Z] > command requires scopes: ["email","openid","https://www.googleapis.com/auth/cloudplatformprojects.readonly","https://www.googleapis.com/auth/firebase","https://www.googleapis.com/auth/cloud-platform"]
[debug] [2022-01-22T05:20:32.931Z] > authorizing via signed-in user (leodanlors1993@gmail.com)
[info] 
     ######## #### ########  ######## ########     ###     ######  ########
     ##        ##  ##     ## ##       ##     ##  ##   ##  ##       ##
     ######    ##  ########  ######   ########  #########  ######  ######
     ##        ##  ##    ##  ##       ##     ## ##     ##       ## ##
     ##       #### ##     ## ######## ########  ##     ##  ######  ########

You're about to initialize a Firebase project in this directory:

  /Users/leonardo/plerk-test

[debug] [2022-01-22T05:20:33.147Z] <<< [apiv2][status] GET https://firebase-public.firebaseio.com/cli.json 200
[debug] [2022-01-22T05:20:33.147Z] <<< [apiv2][body] GET https://firebase-public.firebaseio.com/cli.json {"cloudBuildErrorAfter":1594252800000,"cloudBuildWarnAfter":1590019200000,"defaultNode10After":1594252800000,"minVersion":"3.0.5","node8DeploysDisabledAfter":1613390400000,"node8RuntimeDisabledAfter":1615809600000,"node8WarnAfter":1600128000000}
[info] 
=== Project Setup
[info] 
[info] First, let's associate this project directory with a Firebase project.
[info] You can create multiple project aliases by running firebase use --add, 
[info] but for now we'll just set up a default project.
[info] 
[debug] [2022-01-22T05:21:28.121Z] > refreshing access token with scopes: []
[debug] [2022-01-22T05:21:28.121Z] >>> HTTP REQUEST POST https://www.googleapis.com/oauth2/v3/token  
 <request body omitted>
[debug] [2022-01-22T05:21:28.254Z] <<< HTTP RESPONSE 200 {"date":"Sat, 22 Jan 2022 05:21:28 GMT","cache-control":"no-cache, no-store, max-age=0, must-revalidate","pragma":"no-cache","expires":"Mon, 01 Jan 1990 00:00:00 GMT","content-type":"application/json; charset=utf-8","vary":"X-Origin, Referer, Origin,Accept-Encoding","server":"scaffolding on HTTPServer2","x-xss-protection":"0","x-frame-options":"SAMEORIGIN","x-content-type-options":"nosniff","alt-svc":"h3=\":443\"; ma=2592000,h3-29=\":443\"; ma=2592000,h3-Q050=\":443\"; ma=2592000,h3-Q046=\":443\"; ma=2592000,h3-Q043=\":443\"; ma=2592000,quic=\":443\"; ma=2592000; v=\"46,43\"","accept-ranges":"none","transfer-encoding":"chunked"}
[debug] [2022-01-22T05:21:28.304Z] >>> [apiv2][query] GET https://firebase.googleapis.com/v1beta1/projects pageSize=100
[debug] [2022-01-22T05:21:28.596Z] <<< [apiv2][status] GET https://firebase.googleapis.com/v1beta1/projects 200
[debug] [2022-01-22T05:21:28.596Z] <<< [apiv2][body] GET https://firebase.googleapis.com/v1beta1/projects [omitted]
[info] i  Using project plerk-test (plerk-test) 
[info] 
=== Hosting:github Setup
[info] 
[info] i  Detected a .git folder at /Users/leonardo/plerk-test 
[info] i  Authorizing with GitHub to upload your service account to a GitHub repository's secrets store. 
[info] 
[info] Visit this URL on this device to log in:
[info] https://github.com/login/oauth/authorize?client_id=89cf50f02ac6aaed3484&state=517850680&redirect_uri=http%3A%2F%2Flocalhost%3A9005&scope=read%3Auser%20repo%20public_repo
[info] 
[info] Waiting for authentication...
[debug] [2022-01-22T05:21:32.429Z] >>> HTTP REQUEST POST https://github.com/login/oauth/access_token  
 {"client_id":"89cf50f02ac6aaed3484","client_secret":"3330d14abc895d9a74d5f17cd7a00711fa2c5bf0","code":"f65269fdca4bc76bf0c9","redirect_uri":"http://localhost:9005","state":"517850680"}
[debug] [2022-01-22T05:21:33.216Z] <<< HTTP RESPONSE 200 {"server":"GitHub.com","date":"Sat, 22 Jan 2022 05:21:33 GMT","content-type":"application/json; charset=utf-8","transfer-encoding":"chunked","vary":"X-PJAX, X-PJAX-Container, Accept-Encoding, Accept, X-Requested-With","permissions-policy":"interest-cohort=()","etag":"W/\"dcda605db1351638e6d7f664958cf088\"","cache-control":"max-age=0, private, must-revalidate","strict-transport-security":"max-age=31536000; includeSubdomains; preload","x-frame-options":"deny","x-content-type-options":"nosniff","x-xss-protection":"0","referrer-policy":"origin-when-cross-origin, strict-origin-when-cross-origin","expect-ct":"max-age=2592000, report-uri=\"https://api.github.com/_private/browser/errors\"","content-security-policy":"default-src 'none'; base-uri 'self'; block-all-mixed-content; child-src github.com/assets-cdn/worker/ gist.github.com/assets-cdn/worker/; connect-src 'self' uploads.github.com objects-origin.githubusercontent.com www.githubstatus.com collector.githubapp.com api.github.com github-cloud.s3.amazonaws.com github-production-repository-file-5c1aeb.s3.amazonaws.com github-production-upload-manifest-file-7fdce7.s3.amazonaws.com github-production-user-asset-6210df.s3.amazonaws.com cdn.optimizely.com logx.optimizely.com/v1/events translator.github.com wss://alive.github.com; font-src github.githubassets.com; form-action 'self' github.com gist.github.com objects-origin.githubusercontent.com; frame-ancestors 'none'; frame-src render.githubusercontent.com viewscreen.githubusercontent.com notebooks.githubusercontent.com; img-src 'self' data: github.githubassets.com identicons.github.com collector.githubapp.com github-cloud.s3.amazonaws.com secured-user-images.githubusercontent.com/ *.githubusercontent.com; manifest-src 'self'; media-src github.com user-images.githubusercontent.com/; script-src github.githubassets.com; style-src 'unsafe-inline' github.githubassets.com; worker-src github.com/assets-cdn/worker/ gist.github.com/assets-cdn/worker/","x-github-request-id":"23E8:07F3:683D4E:AB27EF:61EB945C"}
[debug] [2022-01-22T05:21:33.220Z] >>> [apiv2][query] GET https://api.github.com/user [none]
[debug] [2022-01-22T05:21:33.530Z] <<< [apiv2][status] GET https://api.github.com/user 200
[debug] [2022-01-22T05:21:33.530Z] <<< [apiv2][body] GET https://api.github.com/user {"login":"LeonardoLpz","id":55617953,"node_id":"MDQ6VXNlcjU1NjE3OTUz","avatar_url":"https://avatars.githubusercontent.com/u/55617953?v=4","gravatar_id":"","url":"https://api.github.com/users/LeonardoLpz","html_url":"https://github.com/LeonardoLpz","followers_url":"https://api.github.com/users/LeonardoLpz/followers","following_url":"https://api.github.com/users/LeonardoLpz/following{/other_user}","gists_url":"https://api.github.com/users/LeonardoLpz/gists{/gist_id}","starred_url":"https://api.github.com/users/LeonardoLpz/starred{/owner}{/repo}","subscriptions_url":"https://api.github.com/users/LeonardoLpz/subscriptions","organizations_url":"https://api.github.com/users/LeonardoLpz/orgs","repos_url":"https://api.github.com/users/LeonardoLpz/repos","events_url":"https://api.github.com/users/LeonardoLpz/events{/privacy}","received_events_url":"https://api.github.com/users/LeonardoLpz/received_events","type":"User","site_admin":false,"name":null,"company":null,"blog":"","location":"Edo. De México","email":null,"hireable":null,"bio":"Hola, soy Leonardo Lopez.               \r\nFrontend por convicción,\r\nHe trabajado con Bootstrap, Materialize,JQuery, SASS y con los frameworks de React y Vue.js ","twitter_username":null,"public_repos":21,"public_gists":0,"followers":3,"following":2,"created_at":"2019-09-21T07:58:50Z","updated_at":"2021-08-21T21:46:00Z","private_gists":0,"total_private_repos":3,"owned_private_repos":0,"disk_usage":81536,"collaborators":0,"two_factor_authentication":false,"plan":{"name":"free","space":976562499,"collaborators":0,"private_repos":10000}}
[info] 
[info] ✔  Success! Logged into GitHub as LeonardoLpz 
[info] 
